<?xml version="1.0" encoding="UTF-8"?>
<!-- Generated by org.testng.reporters.JUnitReportReporter -->
<testsuite hostname="LFR-5CG31316P0" failures="0" tests="1" name="RegressionPagesTestCase.LoginPageTest" time="71.728" errors="0" timestamp="2025-04-01T15:06:28 CEST" skipped="0">
  <testcase classname="RegressionPagesTestCase.LoginPageTest" name="testDeConnexion" time="71.728"/>
</testsuite> <!-- RegressionPagesTestCase.LoginPageTest -->
