<?xml version="1.0" encoding="UTF-8"?>
<!-- Generated by org.testng.reporters.JUnitReportReporter -->
<testsuite hostname="LFR-5CG31316P0" failures="0" tests="1" name="RegressionPagesTestCase.HomeRecPageTest" time="77.519" errors="0" timestamp="2025-04-04T17:02:30 CEST" skipped="0">
  <testcase classname="RegressionPagesTestCase.HomeRecPageTest" name="AffichageMessageErrorZeroResultat_67645" time="77.519"/>
</testsuite> <!-- RegressionPagesTestCase.HomeRecPageTest -->
