<?xml version="1.0" encoding="UTF-8"?>
<!-- Generated by org.testng.reporters.JUnitReportReporter -->
<testsuite hostname="LFR-5CG31316P0" failures="0" tests="1" name="RegressionPagesTestCase.FacturePageTest" time="74.891" errors="0" timestamp="2025-04-04T14:52:09 CEST" skipped="0">
  <testcase classname="RegressionPagesTestCase.FacturePageTest" name="AffichageErrorChampsNomPrenom_FR6777" time="74.891"/>
</testsuite> <!-- RegressionPagesTestCase.FacturePageTest -->
