<?xml version="1.0" encoding="UTF-8"?>
<!-- Generated by org.testng.reporters.JUnitReportReporter -->
<testsuite hostname="LFR-5CG31316P0" failures="0" tests="1" name="RegressionPagesTestCase.HomeRecPageTest" time="83.726" errors="0" timestamp="2025-04-07T12:03:00 CEST" skipped="0">
  <testcase classname="RegressionPagesTestCase.HomeRecPageTest" name="AffichageMessageErrorZeroResultat_6764" time="83.726"/>
</testsuite> <!-- RegressionPagesTestCase.HomeRecPageTest -->
