<?xml version="1.0" encoding="UTF-8"?>
<!-- Generated by org.testng.reporters.JUnitReportReporter -->
<testsuite hostname="LFR-5CG31316P0" failures="0" tests="1" name="RegressionPagesTestCase.LoginPageTest" time="79.596" errors="0" timestamp="2025-04-08T16:25:16 CEST" skipped="0">
  <testcase classname="RegressionPagesTestCase.LoginPageTest" name="testDeConnexion" time="79.596"/>
</testsuite> <!-- RegressionPagesTestCase.LoginPageTest -->
