<?xml version="1.0" encoding="UTF-8"?>
<!-- Generated by org.testng.reporters.JUnitReportReporter -->
<testsuite hostname="LFR-5CG31316P0" failures="0" tests="1" name="RegressionPagesTestCase.MagasinThouarePageTest" time="75.149" errors="0" timestamp="2025-04-08T15:56:43 CEST" skipped="0">
  <testcase classname="RegressionPagesTestCase.MagasinThouarePageTest" name="AffichageFormulaireNousContacter_FR7010" time="75.149"/>
</testsuite> <!-- RegressionPagesTestCase.MagasinThouarePageTest -->
