<?xml version="1.0" encoding="UTF-8"?>
<!-- Generated by org.testng.reporters.JUnitReportReporter -->
<testsuite hostname="LFR-5CG31316P0" failures="0" tests="2" name="RegressionPagesTestCase.FacturePageTest" time="210.499" errors="0" timestamp="2025-04-08T15:56:43 CEST" skipped="0">
  <testcase classname="RegressionPagesTestCase.FacturePageTest" name="AffichageErrorChampsNomPrenom_FR6777" time="77.485"/>
  <testcase classname="RegressionPagesTestCase.FacturePageTest" name="MontantNegatifTest" time="133.014"/>
</testsuite> <!-- RegressionPagesTestCase.FacturePageTest -->
